<?xml version="1.0" encoding="UTF-8"?>
<!-- Generated by org.testng.reporters.JUnitReportReporter -->
<testsuite skipped="0" hostname="Keerthana" name="PrintStmt.PrintHi" tests="1" failures="0" timestamp="15 Sep 2018 15:13:15 GMT" time="0.008" errors="0">
  <testcase name="printHi" time="0.008" classname="PrintStmt.PrintHi"/>
</testsuite> <!-- PrintStmt.PrintHi -->
