<?xml version="1.0" encoding="UTF-8"?>
<!-- Generated by org.testng.reporters.JUnitReportReporter -->
<testsuite skipped="0" hostname="Keerthana" name="PrintStmt.PrintHello" tests="1" failures="0" timestamp="15 Sep 2018 15:13:15 GMT" time="0.001" errors="0">
  <testcase name="printHello" time="0.001" classname="PrintStmt.PrintHello"/>
</testsuite> <!-- PrintStmt.PrintHello -->
