<?xml version="1.0" encoding="UTF-8"?>
<!-- Generated by org.testng.reporters.JUnitReportReporter -->
<testsuite skipped="0" hostname="Keerthana" name="PrintStmt.PrintHello" tests="1" failures="0" timestamp="16 Sep 2018 15:13:58 GMT" time="0.000" errors="0">
  <testcase name="printHello" time="0.000" classname="PrintStmt.PrintHello"/>
</testsuite> <!-- PrintStmt.PrintHello -->
